<testsuites name="Mocha Tests">
  <testsuite name="test per hex to reg" tests="1" errors="0" failures="0" skipped="0" timestamp="2021-03-25T14:01:28" time="0.007">
    <testcase classname="test per hex to reg" name="test case description" time="0.002">
      <system-out><![CDATA[colore iniziale:#ffff
colore convertito:255,255,255
]]></system-out>
    </testcase>
  </testsuite>
</testsuites>