<testsuites name="Mocha Tests">
  <testsuite name="test per hex to rgb" tests="1" errors="0" failures="0" skipped="0" timestamp="2021-03-25T14:18:44" time="0.007">
    <testcase classname="test per hex to rgb" name="Happy path test one" time="0.002">
      <system-out><![CDATA[colore iniziale:#ffff
colore convertito:255,255,255
]]></system-out>
    </testcase>
  </testsuite>
</testsuites>